
RAxML-NG v. 1.0.3 released on 21.07.2021 by The Exelixis Lab.
Developed by: Alexey M. Kozlov and Alexandros Stamatakis.
Contributors: Diego Darriba, Tomas Flouri, Benoit Morel, Sarah Lutteropp, Ben Bettisworth.
Latest version: https://github.com/amkozlov/raxml-ng
Questions/problems/suggestions? Please visit: https://groups.google.com/forum/#!forum/raxml

System: Intel(R) Xeon(R) CPU @ 2.20GHz, 1 cores, 12 GB RAM

RAxML-NG was called at 02-Oct-2021 01:50:25 as follows:

raxml-ng --all --bs-trees 100 --model JTT --prefix pbNB-ARC --msa pbNB-ARC.hmmalign.afa

Analysis options:
  run mode: ML tree search + bootstrapping (Felsenstein Bootstrap)
  start tree(s): random (10) + parsimony (10)
  bootstrap replicates: 100
  random seed: 1633139425
  tip-inner: OFF
  pattern compression: ON
  per-rate scalers: OFF
  site repeats: ON
  branch lengths: proportional (ML estimate, algorithm: NR-FAST)
  SIMD kernels: AVX2
  parallelization: coarse-grained (auto), NONE/sequential

[00:00:00] Reading alignment from file: pbNB-ARC.hmmalign.afa
[00:00:00] Loaded alignment with 174 taxa and 338 sites

WARNING: Sequences 108_T335-R1/219-490 and 108_T355.1-R1/243-514 are exactly identical!
WARNING: Duplicate sequences found: 1

NOTE: Reduced alignment (with duplicates and gap-only sites/taxa removed) 
NOTE: was saved to: /content/pbNB-ARC.raxml.reduced.phy

Alignment comprises 1 partitions and 338 patterns

Partition 0: noname
Model: JTT
Alignment sites / patterns: 338 / 338
Gaps: 24.40 %
Invariant sites: 0.59 %


NOTE: Binary MSA file created: pbNB-ARC.raxml.rba

Parallelization scheme autoconfig: 1 worker(s) x 1 thread(s)

Parallel reduction/worker buffer size: 1 KB  / 0 KB

[00:00:00] Generating 10 random starting tree(s) with 174 taxa
[00:00:00] Generating 10 parsimony starting tree(s) with 174 taxa
[00:00:00] Data distribution: max. partitions/sites/weight per thread: 1 / 338 / 6760
[00:00:00] Data distribution: max. searches per worker: 120

Starting ML tree search with 20 distinct starting trees

[00:02:44] ML tree search #1, logLikelihood: -64164.140538
[00:05:23] ML tree search #2, logLikelihood: -64165.849186
[00:07:57] ML tree search #3, logLikelihood: -64164.640916
[00:10:25] ML tree search #4, logLikelihood: -64167.698906
[00:13:05] ML tree search #5, logLikelihood: -64163.872125
[00:15:32] ML tree search #6, logLikelihood: -64165.781609
[00:17:43] ML tree search #7, logLikelihood: -64166.059304
[00:20:27] ML tree search #8, logLikelihood: -64164.182697
[00:23:18] ML tree search #9, logLikelihood: -64164.827676
[00:25:31] ML tree search #10, logLikelihood: -64165.781611
[00:27:19] ML tree search #11, logLikelihood: -64168.870021
[00:28:57] ML tree search #12, logLikelihood: -64167.198901
[00:30:59] ML tree search #13, logLikelihood: -64166.929268
[00:33:04] ML tree search #14, logLikelihood: -64166.929273
[00:34:59] ML tree search #15, logLikelihood: -64165.976908
[00:37:11] ML tree search #16, logLikelihood: -64165.026041
[00:39:20] ML tree search #17, logLikelihood: -64164.392251
[00:41:07] ML tree search #18, logLikelihood: -64164.336761
[00:43:02] ML tree search #19, logLikelihood: -64164.336762
[00:45:17] ML tree search #20, logLikelihood: -64164.705808

[00:45:17] ML tree search completed, best tree logLH: -64163.872125

[00:45:17] Starting bootstrapping analysis with 100 replicates.

[00:46:56] Bootstrap tree #1, logLikelihood: -66064.530311
[00:48:32] Bootstrap tree #2, logLikelihood: -63489.243500
[00:50:10] Bootstrap tree #3, logLikelihood: -61944.099911
[00:52:04] Bootstrap tree #4, logLikelihood: -64484.476184
[00:53:48] Bootstrap tree #5, logLikelihood: -62081.187669
[00:55:26] Bootstrap tree #6, logLikelihood: -64906.518216
[00:57:32] Bootstrap tree #7, logLikelihood: -64602.143464
[00:59:21] Bootstrap tree #8, logLikelihood: -63864.817742
[01:01:02] Bootstrap tree #9, logLikelihood: -66120.577005
[01:02:59] Bootstrap tree #10, logLikelihood: -63753.753170
[01:04:47] Bootstrap tree #11, logLikelihood: -65698.705809
[01:06:42] Bootstrap tree #12, logLikelihood: -65154.272505
[01:08:22] Bootstrap tree #13, logLikelihood: -63528.915263
[01:09:58] Bootstrap tree #14, logLikelihood: -61515.882959
[01:11:46] Bootstrap tree #15, logLikelihood: -63484.802133
[01:13:31] Bootstrap tree #16, logLikelihood: -61597.314422
[01:15:03] Bootstrap tree #17, logLikelihood: -65538.434105
[01:16:46] Bootstrap tree #18, logLikelihood: -62910.643204
[01:18:34] Bootstrap tree #19, logLikelihood: -61382.796595
[01:20:31] Bootstrap tree #20, logLikelihood: -61553.450153
[01:22:09] Bootstrap tree #21, logLikelihood: -64127.501837
[01:24:09] Bootstrap tree #22, logLikelihood: -66869.040898
[01:25:57] Bootstrap tree #23, logLikelihood: -62438.722799
[01:27:57] Bootstrap tree #24, logLikelihood: -66961.922421
[01:29:38] Bootstrap tree #25, logLikelihood: -64857.917593
[01:31:34] Bootstrap tree #26, logLikelihood: -63346.311634
[01:33:17] Bootstrap tree #27, logLikelihood: -61894.921827
[01:34:42] Bootstrap tree #28, logLikelihood: -64656.002770
[01:36:21] Bootstrap tree #29, logLikelihood: -65654.362404
[01:38:32] Bootstrap tree #30, logLikelihood: -63247.520521
[01:40:11] Bootstrap tree #31, logLikelihood: -65683.492881
[01:42:09] Bootstrap tree #32, logLikelihood: -61994.328585
[01:43:40] Bootstrap tree #33, logLikelihood: -61725.484299
[01:45:22] Bootstrap tree #34, logLikelihood: -65233.851010
[01:46:49] Bootstrap tree #35, logLikelihood: -63488.628102
[01:48:18] Bootstrap tree #36, logLikelihood: -62305.992613
[01:50:17] Bootstrap tree #37, logLikelihood: -61997.446895
[01:52:37] Bootstrap tree #38, logLikelihood: -63697.658505
[01:54:17] Bootstrap tree #39, logLikelihood: -60273.599283
[01:56:20] Bootstrap tree #40, logLikelihood: -63235.482275
[01:58:17] Bootstrap tree #41, logLikelihood: -64359.075162
[02:00:08] Bootstrap tree #42, logLikelihood: -65108.597122
[02:01:55] Bootstrap tree #43, logLikelihood: -66521.732681
[02:04:00] Bootstrap tree #44, logLikelihood: -62032.487006
[02:05:43] Bootstrap tree #45, logLikelihood: -65205.952230
[02:07:36] Bootstrap tree #46, logLikelihood: -64094.598087
[02:09:30] Bootstrap tree #47, logLikelihood: -63746.200297
[02:11:23] Bootstrap tree #48, logLikelihood: -62932.430279
[02:13:14] Bootstrap tree #49, logLikelihood: -61102.187470
[02:15:29] Bootstrap tree #50, logLikelihood: -63529.110418
[02:17:12] Bootstrap tree #51, logLikelihood: -66046.795558
[02:18:44] Bootstrap tree #52, logLikelihood: -63853.835632
[02:20:26] Bootstrap tree #53, logLikelihood: -63318.655241
[02:22:15] Bootstrap tree #54, logLikelihood: -64369.201965
[02:24:25] Bootstrap tree #55, logLikelihood: -61958.634388
[02:26:13] Bootstrap tree #56, logLikelihood: -61684.426579
[02:28:06] Bootstrap tree #57, logLikelihood: -66989.327251
[02:29:42] Bootstrap tree #58, logLikelihood: -63160.315460
[02:31:39] Bootstrap tree #59, logLikelihood: -62743.416974
[02:33:20] Bootstrap tree #60, logLikelihood: -62897.069880
[02:35:02] Bootstrap tree #61, logLikelihood: -63006.968969
[02:36:40] Bootstrap tree #62, logLikelihood: -63942.699036
[02:38:17] Bootstrap tree #63, logLikelihood: -62390.681877
[02:40:05] Bootstrap tree #64, logLikelihood: -62125.992706
[02:41:53] Bootstrap tree #65, logLikelihood: -60808.050503
[02:43:28] Bootstrap tree #66, logLikelihood: -64298.476142
[02:45:14] Bootstrap tree #67, logLikelihood: -62268.310350
[02:47:13] Bootstrap tree #68, logLikelihood: -64851.416514
[02:49:16] Bootstrap tree #69, logLikelihood: -64049.807451
[02:51:12] Bootstrap tree #70, logLikelihood: -62812.891894
[02:52:58] Bootstrap tree #71, logLikelihood: -64394.454257
[02:54:56] Bootstrap tree #72, logLikelihood: -64798.934043
[02:57:38] Bootstrap tree #73, logLikelihood: -64876.066599
[02:59:35] Bootstrap tree #74, logLikelihood: -65507.092354
[03:01:17] Bootstrap tree #75, logLikelihood: -69364.139614
[03:03:16] Bootstrap tree #76, logLikelihood: -64328.677781
[03:05:15] Bootstrap tree #77, logLikelihood: -61270.808332
[03:07:23] Bootstrap tree #78, logLikelihood: -61695.491358
[03:09:03] Bootstrap tree #79, logLikelihood: -63875.426005
[03:10:34] Bootstrap tree #80, logLikelihood: -64491.401699
[03:12:19] Bootstrap tree #81, logLikelihood: -64747.167994
[03:13:57] Bootstrap tree #82, logLikelihood: -62743.678888
[03:15:31] Bootstrap tree #83, logLikelihood: -63006.959264
[03:17:36] Bootstrap tree #84, logLikelihood: -64843.818074
[03:19:52] Bootstrap tree #85, logLikelihood: -64072.276947
[03:21:34] Bootstrap tree #86, logLikelihood: -64085.974871
[03:23:31] Bootstrap tree #87, logLikelihood: -68948.269182
[03:25:03] Bootstrap tree #88, logLikelihood: -61087.947204
[03:26:45] Bootstrap tree #89, logLikelihood: -62004.060527
[03:28:35] Bootstrap tree #90, logLikelihood: -61955.062817
[03:30:14] Bootstrap tree #91, logLikelihood: -63864.390414
[03:31:59] Bootstrap tree #92, logLikelihood: -64740.339472
[03:33:54] Bootstrap tree #93, logLikelihood: -62637.940538
[03:36:11] Bootstrap tree #94, logLikelihood: -62323.410341
[03:38:11] Bootstrap tree #95, logLikelihood: -62796.033011
[03:39:58] Bootstrap tree #96, logLikelihood: -60943.370410
[03:41:35] Bootstrap tree #97, logLikelihood: -63126.038582
[03:43:17] Bootstrap tree #98, logLikelihood: -64084.944757
[03:45:39] Bootstrap tree #99, logLikelihood: -65589.725583
[03:47:30] Bootstrap tree #100, logLikelihood: -62360.815130

Optimized model parameters:

   Partition 0: noname
   Rate heterogeneity: NONE
   Base frequencies (model): 0.076748 0.051691 0.042645 0.051544 0.019803 0.040752 0.061830 0.073152 0.022944 0.053761 0.091904 0.058676 0.023826 0.040126 0.050901 0.068765 0.058565 0.014261 0.032102 0.066005 
   Substitution rates (model): 58.000000 54.000000 81.000000 56.000000 57.000000 105.000000 179.000000 27.000000 36.000000 30.000000 35.000000 54.000000 15.000000 194.000000 378.000000 475.000000 9.000000 11.000000 298.000000 45.000000 16.000000 113.000000 310.000000 29.000000 137.000000 328.000000 22.000000 38.000000 646.000000 44.000000 5.000000 74.000000 101.000000 64.000000 126.000000 20.000000 17.000000 528.000000 34.000000 86.000000 58.000000 81.000000 391.000000 47.000000 12.000000 263.000000 30.000000 10.000000 15.000000 503.000000 232.000000 8.000000 70.000000 16.000000 10.000000 49.000000 767.000000 130.000000 112.000000 11.000000 7.000000 26.000000 15.000000 4.000000 15.000000 59.000000 38.000000 4.000000 46.000000 31.000000 9.000000 5.000000 59.000000 69.000000 17.000000 23.000000 7.000000 31.000000 78.000000 14.000000 223.000000 42.000000 115.000000 209.000000 62.000000 323.000000 26.000000 597.000000 9.000000 72.000000 292.000000 43.000000 4.000000 164.000000 53.000000 51.000000 18.000000 24.000000 20.000000 119.000000 26.000000 12.000000 9.000000 181.000000 18.000000 5.000000 18.000000 30.000000 32.000000 10.000000 7.000000 45.000000 23.000000 6.000000 6.000000 27.000000 14.000000 5.000000 24.000000 201.000000 33.000000 55.000000 8.000000 47.000000 16.000000 56.000000 45.000000 33.000000 40.000000 115.000000 73.000000 46.000000 8.000000 573.000000 11.000000 229.000000 21.000000 479.000000 89.000000 10.000000 40.000000 245.000000 9.000000 32.000000 961.000000 14.000000 388.000000 248.000000 102.000000 59.000000 25.000000 52.000000 24.000000 180.000000 65.000000 4.000000 21.000000 47.000000 103.000000 10.000000 8.000000 14.000000 43.000000 16.000000 29.000000 226.000000 24.000000 18.000000 323.000000 17.000000 92.000000 12.000000 53.000000 536.000000 62.000000 285.000000 118.000000 6.000000 10.000000 23.000000 477.000000 35.000000 63.000000 38.000000 12.000000 21.000000 112.000000 71.000000 25.000000 16.000000 


Final LogLikelihood: -64163.872125

AIC score: 129017.744249 / AICc score: 367757.744249 / BIC score: 130336.695083
Free parameters (model + branch lengths): 345

WARNING: Number of free parameters (K=345) is larger than alignment size (n=338).
         This might lead to overfitting and compromise tree inference results!


WARNING: Best ML tree contains 1 near-zero branches!

Best ML tree with collapsed near-zero branches saved to: /content/pbNB-ARC.raxml.bestTreeCollapsed
Best ML tree saved to: /content/pbNB-ARC.raxml.bestTree
All ML trees saved to: /content/pbNB-ARC.raxml.mlTrees
Best ML tree with Felsenstein bootstrap (FBP) support values saved to: /content/pbNB-ARC.raxml.support
Optimized model saved to: /content/pbNB-ARC.raxml.bestModel
Bootstrap trees saved to: /content/pbNB-ARC.raxml.bootstraps

Execution log saved to: /content/pbNB-ARC.raxml.log

Analysis started: 02-Oct-2021 01:50:25 / finished: 02-Oct-2021 05:37:56

Elapsed time: 13650.557 seconds

